<?xml version="1.0" encoding="UTF-8"?>
<testsuite xmlns:xsi="http://www.w3.org/2001/XMLSchema-instance" xsi:noNamespaceSchemaLocation="https://maven.apache.org/surefire/maven-surefire-plugin/xsd/surefire-test-report.xsd" name="talendtestcase.copydata_0_1.copytest_0_1.copyTestTest" time="0.159" tests="2" errors="0" skipped="0" failures="0">
  <properties>
[...]
</properties>
  <testcase name="talendtestcase.copydata_0_1.copytest_0_1.copyTestTest.testDefault" classname="talendtestcase.copydata_0_1.copytest_0_1.copyTestTest" time="0.131"/>
  <testcase name="talendtestcase.copydata_0_1.copytest_0_1.copyTestTest.testTest_Instance__1" classname="talendtestcase.copydata_0_1.copytest_0_1.copyTestTest" time="0.014"/>
</testsuite>